c:\users\86136\desktop\robot_control\x64\debug\robot_control.pch
c:\users\86136\desktop\robot_control\x64\debug\vc142.pdb
c:\users\86136\desktop\robot_control\x64\debug\vc142.idb
c:\users\86136\desktop\robot_control\x64\debug\pch.obj
c:\users\86136\desktop\robot_control\x64\debug\serialport.obj
c:\users\86136\desktop\robot_control\x64\debug\robot_controldlg.obj
c:\users\86136\desktop\robot_control\x64\debug\robot_control.obj
c:\users\86136\desktop\robot_control\x64\debug\robot_control.exe
c:\users\86136\desktop\robot_control\x64\debug\robot_control.ilk
c:\users\86136\desktop\robot_control\x64\debug\robot_control.pdb
c:\users\86136\desktop\robot_control\x64\debug\robotcontrol.res
c:\users\86136\desktop\robot_control\x64\debug\robot_control.tlog\cl.command.1.tlog
c:\users\86136\desktop\robot_control\x64\debug\robot_control.tlog\cl.read.1.tlog
c:\users\86136\desktop\robot_control\x64\debug\robot_control.tlog\cl.write.1.tlog
c:\users\86136\desktop\robot_control\x64\debug\robot_control.tlog\link.command.1.tlog
c:\users\86136\desktop\robot_control\x64\debug\robot_control.tlog\link.read.1.tlog
c:\users\86136\desktop\robot_control\x64\debug\robot_control.tlog\link.write.1.tlog
c:\users\86136\desktop\robot_control\x64\debug\robot_control.tlog\rc.command.1.tlog
c:\users\86136\desktop\robot_control\x64\debug\robot_control.tlog\rc.read.1.tlog
c:\users\86136\desktop\robot_control\x64\debug\robot_control.tlog\rc.write.1.tlog
